managed.hackerone.com
byp5ohhexnqoscqmu7b57zjb3c5s2xw7._domainkey.hackerone.com
zendesk4.hackerone.com
zendesk3.hackerone.com
info.hackerone.com
o2.email.hackerone.com
mail.hackerone.com
gsemail.hackerone.com
cf-ssl5349-protected-cover-photos-user-content.hackerone.com
email.gh-mail.hackerone.com
go.hackerone.com
o1.email.hackerone.com
support.hackerone.com
www.hackerone.com
mta-sts.forwarding.hackerone.com
docs.hackerone.com
forwarding.hackerone.com
al7r4kzkz7jtpxnklgblvsdikihpu5yt._domainkey.hackerone.com
a.ns.hackerone.com
b.ns.hackerone.com
links.hackerone.com
ns.hackerone.com
cf-ssl41462-protected-profile-photos-user-content.hackerone.com
zendesk2.hackerone.com
notifications.hackerone.com
highspot.hackerone.com
email.hackerone.com
events.hackerone.com
zendesk1._domainkey.hackerone.com
